0 info it worked if it ends with ok
1 verbose cli [
1 verbose cli   'C:\\Program Files\\nodejs\\node.exe',
1 verbose cli   'C:\\Surendra\\MediumBlogSite\\node_modules\\npm\\bin\\npm-cli.js',
1 verbose cli   'view',
1 verbose cli   'mediumsitedemo'
1 verbose cli ]
2 info using npm@2.15.12
3 info using node@v12.14.0
4 silly mapToRegistry name mediumsitedemo
5 silly mapToRegistry using default registry
6 silly mapToRegistry registry https://registry.npmjs.org/
7 silly mapToRegistry data Result {
7 silly mapToRegistry   raw: 'mediumsitedemo',
7 silly mapToRegistry   scope: null,
7 silly mapToRegistry   name: 'mediumsitedemo',
7 silly mapToRegistry   rawSpec: '',
7 silly mapToRegistry   spec: 'latest',
7 silly mapToRegistry   type: 'tag'
7 silly mapToRegistry }
8 silly mapToRegistry uri https://registry.npmjs.org/mediumsitedemo
9 verbose request uri https://registry.npmjs.org/mediumsitedemo
10 verbose request no auth needed
11 info attempt registry request try #1 at 7:06:38 PM
12 verbose request id bc6eace1c97d53e2
13 http request GET https://registry.npmjs.org/mediumsitedemo
14 http 404 https://registry.npmjs.org/mediumsitedemo
15 verbose headers {
15 verbose headers   date: 'Sun, 27 Dec 2020 13:57:43 GMT',
15 verbose headers   'content-type': 'application/json',
15 verbose headers   'content-length': '21',
15 verbose headers   connection: 'keep-alive',
15 verbose headers   'set-cookie': [
15 verbose headers     '__cfduid=d4aad8713cdec12c597b0a37a81c7fc591609077462; expires=Tue, 26-Jan-21 13:57:42 GMT; path=/; domain=.npmjs.org; HttpOnly; SameSite=Lax'
15 verbose headers   ],
15 verbose headers   'cf-ray': '60838d5bbbc931b2-BOM',
15 verbose headers   vary: 'Accept-Encoding',
15 verbose headers   'cf-cache-status': 'MISS',
15 verbose headers   'cf-request-id': '074616ad4f000031b26da26000000001',
15 verbose headers   'expect-ct': 'max-age=604800, report-uri="https://report-uri.cloudflare.com/cdn-cgi/beacon/expect-ct"',
15 verbose headers   server: 'cloudflare'
15 verbose headers }
16 silly get cb [
16 silly get   404,
16 silly get   {
16 silly get     date: 'Sun, 27 Dec 2020 13:57:43 GMT',
16 silly get     'content-type': 'application/json',
16 silly get     'content-length': '21',
16 silly get     connection: 'keep-alive',
16 silly get     'set-cookie': [
16 silly get       '__cfduid=d4aad8713cdec12c597b0a37a81c7fc591609077462; expires=Tue, 26-Jan-21 13:57:42 GMT; path=/; domain=.npmjs.org; HttpOnly; SameSite=Lax'
16 silly get     ],
16 silly get     'cf-ray': '60838d5bbbc931b2-BOM',
16 silly get     vary: 'Accept-Encoding',
16 silly get     'cf-cache-status': 'MISS',
16 silly get     'cf-request-id': '074616ad4f000031b26da26000000001',
16 silly get     'expect-ct': 'max-age=604800, report-uri="https://report-uri.cloudflare.com/cdn-cgi/beacon/expect-ct"',
16 silly get     server: 'cloudflare'
16 silly get   }
16 silly get ]
17 verbose stack Error: Not found : mediumsitedemo
17 verbose stack     at makeError (C:\Surendra\MediumBlogSite\node_modules\npm\node_modules\npm-registry-client\lib\request.js:302:12)
17 verbose stack     at CachingRegistryClient.<anonymous> (C:\Surendra\MediumBlogSite\node_modules\npm\node_modules\npm-registry-client\lib\request.js:290:14)
17 verbose stack     at Request._callback (C:\Surendra\MediumBlogSite\node_modules\npm\node_modules\npm-registry-client\lib\request.js:210:14)
17 verbose stack     at Request.self.callback (C:\Surendra\MediumBlogSite\node_modules\npm\node_modules\request\request.js:187:22)
17 verbose stack     at Request.emit (events.js:210:5)
17 verbose stack     at Request.<anonymous> (C:\Surendra\MediumBlogSite\node_modules\npm\node_modules\request\request.js:1044:10)
17 verbose stack     at Request.emit (events.js:210:5)
17 verbose stack     at IncomingMessage.<anonymous> (C:\Surendra\MediumBlogSite\node_modules\npm\node_modules\request\request.js:965:12)
17 verbose stack     at IncomingMessage.emit (events.js:215:7)
17 verbose stack     at endReadableNT (_stream_readable.js:1184:12)
18 verbose statusCode 404
19 verbose pkgid mediumsitedemo
20 verbose cwd C:\Surendra\MediumBlogSite
21 error Windows_NT 10.0.18362
22 error argv "C:\\Program Files\\nodejs\\node.exe" "C:\\Surendra\\MediumBlogSite\\node_modules\\npm\\bin\\npm-cli.js" "view" "mediumsitedemo"
23 error node v12.14.0
24 error npm  v2.15.12
25 error code E404
26 error 404 Not found : mediumsitedemo
26 error 404
26 error 404 'mediumsitedemo' is not in the npm registry.
26 error 404 You should bug the author to publish it (or use the name yourself!)
26 error 404
26 error 404 Note that you can also install from a
26 error 404 tarball, folder, http url, or git url.
27 verbose exit [ 1, true ]
